<?xml version="1.0" encoding="UTF-8"?>
<!-- Generated by org.testng.reporters.JUnitReportReporter -->
<testsuite skipped="0" hostname="LAPTOP-R8B4IRJC" name="com.gautham.Practise.MyPractise.AppTest" tests="1" failures="0" timestamp="09 Oct 2018 03:01:03 GMT" time="8.914" errors="0">
  <testcase name="main" time="8.914" classname="com.gautham.Practise.MyPractise.AppTest"/>
</testsuite> <!-- com.gautham.Practise.MyPractise.AppTest -->
